<?xml version="1.0" encoding="UTF-8"?>
<testng-results skipped="0" failed="0" total="1" passed="1">
  <reporter-output>
  </reporter-output>
  <suite name="Default suite" duration-ms="7492" started-at="2019-05-28T07:19:15Z" finished-at="2019-05-28T07:19:23Z">
    <groups>
    </groups>
    <test name="Default test" duration-ms="7492" started-at="2019-05-28T07:19:15Z" finished-at="2019-05-28T07:19:23Z">
      <class name="HandsOn.Handson.ExecuteTest">
        <test-method status="PASS" signature="mExcute()[pri:0, instance:HandsOn.Handson.ExecuteTest@2ef5e5e3]" name="mExcute" duration-ms="7461" started-at="2019-05-28T12:49:15Z" finished-at="2019-05-28T12:49:23Z">
          <reporter-output>
          </reporter-output>
        </test-method> <!-- mExcute -->
      </class> <!-- HandsOn.Handson.ExecuteTest -->
    </test> <!-- Default test -->
  </suite> <!-- Default suite -->
</testng-results>
